# JRE version: OpenJDK Runtime Environment Temurin-21.0.3+9 (21.0.3+9) (build 21.0.3+9-LTS)
# Java VM: OpenJDK 64-Bit Server VM Temurin-21.0.3+9 (21.0.3+9-LTS, mixed mode, sharing, tiered, compressed oops, compressed class ptrs, parallel gc, windows-amd64)
GC Precious Log:
 CardTable entry size: 512
 CPUs: 12 total, 12 available
 Memory: 16108M
 Large Page Support: Disabled
 NUMA Support: Disabled
 Compressed Oops: Enabled (32-bit)
 Alignments: Space 512K, Generation 512K, Heap 2M
 Heap Min Capacity: 100M
 Heap Initial Capacity: 100M
 Heap Max Capacity: 1G
 Pre-touch: Disabled
 Parallel Workers: 10
Heap:
 PSYoungGen      total 5632K, used 5019K [0x00000000eab00000, 0x00000000eb580000, 0x0000000100000000)
  eden space 3584K, 82% used [0x00000000eab00000,0x00000000eade6d48,0x00000000eae80000)
  from space 2048K, 100% used [0x00000000eaf00000,0x00000000eb100000,0x00000000eb100000)
  to   space 3584K, 0% used [0x00000000eb200000,0x00000000eb200000,0x00000000eb580000)
 ParOldGen       total 150528K, used 148688K [0x00000000c0000000, 0x00000000c9300000, 0x00000000eab00000)
  object space 150528K, 98% used [0x00000000c0000000,0x00000000c91340f0,0x00000000c9300000)
 Metaspace       used 91263K, committed 92736K, reserved 1179648K
  class space    used 8624K, committed 9344K, reserved 1048576K
GC Heap History (20 events):
Event: 5030.752 GC heap before
{Heap before GC invocations=11715 (full 171):
 PSYoungGen      total 4608K, used 4416K [0x00000000eab00000, 0x00000000eb200000, 0x0000000100000000)
  eden space 3584K, 100% used [0x00000000eab00000,0x00000000eae80000,0x00000000eae80000)
  from space 1024K, 81% used [0x00000000eb000000,0x00000000eb0d0000,0x00000000eb100000)
  to   space 1024K, 0% used [0x00000000eb100000,0x00000000eb100000,0x00000000eb200000)
 ParOldGen       total 150528K, used 139471K [0x00000000c0000000, 0x00000000c9300000, 0x00000000eab00000)
  object space 150528K, 92% used [0x00000000c0000000,0x00000000c8833e10,0x00000000c9300000)
 Metaspace       used 91263K, committed 92736K, reserved 1179648K
  class space    used 8624K, committed 9344K, reserved 1048576K
}
Event: 5030.754 GC heap after
{Heap after GC invocations=11715 (full 171):
 PSYoungGen      total 4096K, used 96K [0x00000000eab00000, 0x00000000eb180000, 0x0000000100000000)
  eden space 3584K, 0% used [0x00000000eab00000,0x00000000eab00000,0x00000000eae80000)
  from space 512K, 18% used [0x00000000eb100000,0x00000000eb118000,0x00000000eb180000)
  to   space 512K, 0% used [0x00000000eb080000,0x00000000eb080000,0x00000000eb100000)
 ParOldGen       total 150528K, used 140143K [0x00000000c0000000, 0x00000000c9300000, 0x00000000eab00000)
  object space 150528K, 93% used [0x00000000c0000000,0x00000000c88dbd20,0x00000000c9300000)
 Metaspace       used 91263K, committed 92736K, reserved 1179648K
  class space    used 8624K, committed 9344K, reserved 1048576K
}
Event: 5030.816 GC heap before
{Heap before GC invocations=11716 (full 171):
 PSYoungGen      total 4096K, used 3680K [0x00000000eab00000, 0x00000000eb180000, 0x0000000100000000)
  eden space 3584K, 100% used [0x00000000eab00000,0x00000000eae80000,0x00000000eae80000)
  from space 512K, 18% used [0x00000000eb100000,0x00000000eb118000,0x00000000eb180000)
  to   space 512K, 0% used [0x00000000eb080000,0x00000000eb080000,0x00000000eb100000)
 ParOldGen       total 150528K, used 140143K [0x00000000c0000000, 0x00000000c9300000, 0x00000000eab00000)
  object space 150528K, 93% used [0x00000000c0000000,0x00000000c88dbd20,0x00000000c9300000)
 Metaspace       used 91263K, committed 92736K, reserved 1179648K
  class space    used 8624K, committed 9344K, reserved 1048576K
}
Event: 5030.819 GC heap after
{Heap after GC invocations=11716 (full 171):
 PSYoungGen      total 4096K, used 512K [0x00000000eab00000, 0x00000000eb180000, 0x0000000100000000)
  eden space 3584K, 0% used [0x00000000eab00000,0x00000000eab00000,0x00000000eae80000)
  from space 512K, 100% used [0x00000000eb080000,0x00000000eb100000,0x00000000eb100000)
  to   space 512K, 0% used [0x00000000eb100000,0x00000000eb100000,0x00000000eb180000)
 ParOldGen       total 150528K, used 140661K [0x00000000c0000000, 0x00000000c9300000, 0x00000000eab00000)
  object space 150528K, 93% used [0x00000000c0000000,0x00000000c895d480,0x00000000c9300000)
 Metaspace       used 91263K, committed 92736K, reserved 1179648K
  class space    used 8624K, committed 9344K, reserved 1048576K
}
Event: 5030.877 GC heap before
{Heap before GC invocations=11717 (full 171):
 PSYoungGen      total 4096K, used 4096K [0x00000000eab00000, 0x00000000eb180000, 0x0000000100000000)
  eden space 3584K, 100% used [0x00000000eab00000,0x00000000eae80000,0x00000000eae80000)
  from space 512K, 100% used [0x00000000eb080000,0x00000000eb100000,0x00000000eb100000)
  to   space 512K, 0% used [0x00000000eb100000,0x00000000eb100000,0x00000000eb180000)
 ParOldGen       total 150528K, used 140661K [0x00000000c0000000, 0x00000000c9300000, 0x00000000eab00000)
  object space 150528K, 93% used [0x00000000c0000000,0x00000000c895d480,0x00000000c9300000)
 Metaspace       used 91263K, committed 92736K, reserved 1179648K
  class space    used 8624K, committed 9344K, reserved 1048576K
}
Event: 5030.879 GC heap after
{Heap after GC invocations=11717 (full 171):
 PSYoungGen      total 4096K, used 481K [0x00000000eab00000, 0x00000000eb180000, 0x0000000100000000)
  eden space 3584K, 0% used [0x00000000eab00000,0x00000000eab00000,0x00000000eae80000)
  from space 512K, 93% used [0x00000000eb100000,0x00000000eb1784e0,0x00000000eb180000)
  to   space 1536K, 0% used [0x00000000eae80000,0x00000000eae80000,0x00000000eb000000)
 ParOldGen       total 150528K, used 141575K [0x00000000c0000000, 0x00000000c9300000, 0x00000000eab00000)
  object space 150528K, 94% used [0x00000000c0000000,0x00000000c8a41e90,0x00000000c9300000)
 Metaspace       used 91263K, committed 92736K, reserved 1179648K
  class space    used 8624K, committed 9344K, reserved 1048576K
}
Event: 5030.890 GC heap before
{Heap before GC invocations=11718 (full 171):
 PSYoungGen      total 4096K, used 4065K [0x00000000eab00000, 0x00000000eb180000, 0x0000000100000000)
  eden space 3584K, 100% used [0x00000000eab00000,0x00000000eae80000,0x00000000eae80000)
  from space 512K, 93% used [0x00000000eb100000,0x00000000eb1784e0,0x00000000eb180000)
  to   space 1536K, 0% used [0x00000000eae80000,0x00000000eae80000,0x00000000eb000000)
 ParOldGen       total 150528K, used 141575K [0x00000000c0000000, 0x00000000c9300000, 0x00000000eab00000)
  object space 150528K, 94% used [0x00000000c0000000,0x00000000c8a41e90,0x00000000c9300000)
 Metaspace       used 91263K, committed 92736K, reserved 1179648K
  class space    used 8624K, committed 9344K, reserved 1048576K
}
Event: 5030.893 GC heap after
{Heap after GC invocations=11718 (full 171):
 PSYoungGen      total 5120K, used 1536K [0x00000000eab00000, 0x00000000eb780000, 0x0000000100000000)
  eden space 3584K, 0% used [0x00000000eab00000,0x00000000eab00000,0x00000000eae80000)
  from space 1536K, 100% used [0x00000000eae80000,0x00000000eb000000,0x00000000eb000000)
  to   space 4608K, 0% used [0x00000000eb300000,0x00000000eb300000,0x00000000eb780000)
 ParOldGen       total 150528K, used 143941K [0x00000000c0000000, 0x00000000c9300000, 0x00000000eab00000)
  object space 150528K, 95% used [0x00000000c0000000,0x00000000c8c917f0,0x00000000c9300000)
 Metaspace       used 91263K, committed 92736K, reserved 1179648K
  class space    used 8624K, committed 9344K, reserved 1048576K
}
Event: 5031.237 GC heap before
{Heap before GC invocations=11719 (full 171):
 PSYoungGen      total 5120K, used 5119K [0x00000000eab00000, 0x00000000eb780000, 0x0000000100000000)
  eden space 3584K, 99% used [0x00000000eab00000,0x00000000eae7fff0,0x00000000eae80000)
  from space 1536K, 100% used [0x00000000eae80000,0x00000000eb000000,0x00000000eb000000)
  to   space 4608K, 0% used [0x00000000eb300000,0x00000000eb300000,0x00000000eb780000)
 ParOldGen       total 150528K, used 143941K [0x00000000c0000000, 0x00000000c9300000, 0x00000000eab00000)
  object space 150528K, 95% used [0x00000000c0000000,0x00000000c8c917f0,0x00000000c9300000)
 Metaspace       used 91263K, committed 92736K, reserved 1179648K
  class space    used 8624K, committed 9344K, reserved 1048576K
}
Event: 5031.242 GC heap after
{Heap after GC invocations=11719 (full 171):
 PSYoungGen      total 5120K, used 1040K [0x00000000eab00000, 0x00000000eb480000, 0x0000000100000000)
  eden space 3584K, 0% used [0x00000000eab00000,0x00000000eab00000,0x00000000eae80000)
  from space 1536K, 67% used [0x00000000eb300000,0x00000000eb404010,0x00000000eb480000)
  to   space 2560K, 0% used [0x00000000eaf80000,0x00000000eaf80000,0x00000000eb200000)
 ParOldGen       total 150528K, used 145251K [0x00000000c0000000, 0x00000000c9300000, 0x00000000eab00000)
  object space 150528K, 96% used [0x00000000c0000000,0x00000000c8dd8f20,0x00000000c9300000)
 Metaspace       used 91263K, committed 92736K, reserved 1179648K
  class space    used 8624K, committed 9344K, reserved 1048576K
}
Event: 5031.285 GC heap before
{Heap before GC invocations=11720 (full 171):
 PSYoungGen      total 5120K, used 4624K [0x00000000eab00000, 0x00000000eb480000, 0x0000000100000000)
  eden space 3584K, 100% used [0x00000000eab00000,0x00000000eae80000,0x00000000eae80000)
  from space 1536K, 67% used [0x00000000eb300000,0x00000000eb404010,0x00000000eb480000)
  to   space 2560K, 0% used [0x00000000eaf80000,0x00000000eaf80000,0x00000000eb200000)
 ParOldGen       total 150528K, used 145251K [0x00000000c0000000, 0x00000000c9300000, 0x00000000eab00000)
  object space 150528K, 96% used [0x00000000c0000000,0x00000000c8dd8f20,0x00000000c9300000)
 Metaspace       used 91263K, committed 92736K, reserved 1179648K
  class space    used 8624K, committed 9344K, reserved 1048576K
}
Event: 5031.287 GC heap after
{Heap after GC invocations=11720 (full 171):
 PSYoungGen      total 6144K, used 688K [0x00000000eab00000, 0x00000000eb380000, 0x0000000100000000)
  eden space 3584K, 0% used [0x00000000eab00000,0x00000000eab00000,0x00000000eae80000)
  from space 2560K, 26% used [0x00000000eaf80000,0x00000000eb02c010,0x00000000eb200000)
  to   space 1024K, 0% used [0x00000000eb280000,0x00000000eb280000,0x00000000eb380000)
 ParOldGen       total 150528K, used 146139K [0x00000000c0000000, 0x00000000c9300000, 0x00000000eab00000)
  object space 150528K, 97% used [0x00000000c0000000,0x00000000c8eb6ed0,0x00000000c9300000)
 Metaspace       used 91263K, committed 92736K, reserved 1179648K
  class space    used 8624K, committed 9344K, reserved 1048576K
}
Event: 5031.293 GC heap before
{Heap before GC invocations=11721 (full 171):
 PSYoungGen      total 6144K, used 4272K [0x00000000eab00000, 0x00000000eb380000, 0x0000000100000000)
  eden space 3584K, 100% used [0x00000000eab00000,0x00000000eae80000,0x00000000eae80000)
  from space 2560K, 26% used [0x00000000eaf80000,0x00000000eb02c010,0x00000000eb200000)
  to   space 1024K, 0% used [0x00000000eb280000,0x00000000eb280000,0x00000000eb380000)
 ParOldGen       total 150528K, used 146139K [0x00000000c0000000, 0x00000000c9300000, 0x00000000eab00000)
  object space 150528K, 97% used [0x00000000c0000000,0x00000000c8eb6ed0,0x00000000c9300000)
 Metaspace       used 91263K, committed 92736K, reserved 1179648K
  class space    used 8624K, committed 9344K, reserved 1048576K
}
Event: 5031.294 GC heap after
{Heap after GC invocations=11721 (full 171):
 PSYoungGen      total 4096K, used 192K [0x00000000eab00000, 0x00000000eb300000, 0x0000000100000000)
  eden space 3584K, 0% used [0x00000000eab00000,0x00000000eab00000,0x00000000eae80000)
  from space 512K, 37% used [0x00000000eb280000,0x00000000eb2b0000,0x00000000eb300000)
  to   space 512K, 0% used [0x00000000eb200000,0x00000000eb200000,0x00000000eb280000)
 ParOldGen       total 150528K, used 146211K [0x00000000c0000000, 0x00000000c9300000, 0x00000000eab00000)
  object space 150528K, 97% used [0x00000000c0000000,0x00000000c8ec8ed0,0x00000000c9300000)
 Metaspace       used 91263K, committed 92736K, reserved 1179648K
  class space    used 8624K, committed 9344K, reserved 1048576K
}
Event: 5031.584 GC heap before
{Heap before GC invocations=11722 (full 171):
 PSYoungGen      total 4096K, used 3776K [0x00000000eab00000, 0x00000000eb300000, 0x0000000100000000)
  eden space 3584K, 100% used [0x00000000eab00000,0x00000000eae80000,0x00000000eae80000)
  from space 512K, 37% used [0x00000000eb280000,0x00000000eb2b0000,0x00000000eb300000)
  to   space 512K, 0% used [0x00000000eb200000,0x00000000eb200000,0x00000000eb280000)
 ParOldGen       total 150528K, used 146211K [0x00000000c0000000, 0x00000000c9300000, 0x00000000eab00000)
  object space 150528K, 97% used [0x00000000c0000000,0x00000000c8ec8ed0,0x00000000c9300000)
 Metaspace       used 91263K, committed 92736K, reserved 1179648K
  class space    used 8624K, committed 9344K, reserved 1048576K
}
Event: 5031.586 GC heap after
{Heap after GC invocations=11722 (full 171):
 PSYoungGen      total 4096K, used 320K [0x00000000eab00000, 0x00000000eb300000, 0x0000000100000000)
  eden space 3584K, 0% used [0x00000000eab00000,0x00000000eab00000,0x00000000eae80000)
  from space 512K, 62% used [0x00000000eb200000,0x00000000eb250000,0x00000000eb280000)
  to   space 512K, 0% used [0x00000000eb280000,0x00000000eb280000,0x00000000eb300000)
 ParOldGen       total 150528K, used 146219K [0x00000000c0000000, 0x00000000c9300000, 0x00000000eab00000)
  object space 150528K, 97% used [0x00000000c0000000,0x00000000c8ecaed0,0x00000000c9300000)
 Metaspace       used 91263K, committed 92736K, reserved 1179648K
  class space    used 8624K, committed 9344K, reserved 1048576K
}
Event: 5031.752 GC heap before
{Heap before GC invocations=11723 (full 171):
 PSYoungGen      total 4096K, used 3904K [0x00000000eab00000, 0x00000000eb300000, 0x0000000100000000)
  eden space 3584K, 100% used [0x00000000eab00000,0x00000000eae80000,0x00000000eae80000)
  from space 512K, 62% used [0x00000000eb200000,0x00000000eb250000,0x00000000eb280000)
  to   space 512K, 0% used [0x00000000eb280000,0x00000000eb280000,0x00000000eb300000)
 ParOldGen       total 150528K, used 146219K [0x00000000c0000000, 0x00000000c9300000, 0x00000000eab00000)
  object space 150528K, 97% used [0x00000000c0000000,0x00000000c8ecaed0,0x00000000c9300000)
 Metaspace       used 91263K, committed 92736K, reserved 1179648K
  class space    used 8624K, committed 9344K, reserved 1048576K
}
Event: 5031.754 GC heap after
{Heap after GC invocations=11723 (full 171):
 PSYoungGen      total 4096K, used 480K [0x00000000eab00000, 0x00000000eb300000, 0x0000000100000000)
  eden space 3584K, 0% used [0x00000000eab00000,0x00000000eab00000,0x00000000eae80000)
  from space 512K, 93% used [0x00000000eb280000,0x00000000eb2f8270,0x00000000eb300000)
  to   space 2048K, 0% used [0x00000000eaf00000,0x00000000eaf00000,0x00000000eb100000)
 ParOldGen       total 150528K, used 147508K [0x00000000c0000000, 0x00000000c9300000, 0x00000000eab00000)
  object space 150528K, 97% used [0x00000000c0000000,0x00000000c900d050,0x00000000c9300000)
 Metaspace       used 91263K, committed 92736K, reserved 1179648K
  class space    used 8624K, committed 9344K, reserved 1048576K
}
Event: 5031.762 GC heap before
{Heap before GC invocations=11724 (full 171):
 PSYoungGen      total 4096K, used 4064K [0x00000000eab00000, 0x00000000eb300000, 0x0000000100000000)
  eden space 3584K, 100% used [0x00000000eab00000,0x00000000eae80000,0x00000000eae80000)
  from space 512K, 93% used [0x00000000eb280000,0x00000000eb2f8270,0x00000000eb300000)
  to   space 2048K, 0% used [0x00000000eaf00000,0x00000000eaf00000,0x00000000eb100000)
 ParOldGen       total 150528K, used 147508K [0x00000000c0000000, 0x00000000c9300000, 0x00000000eab00000)
  object space 150528K, 97% used [0x00000000c0000000,0x00000000c900d050,0x00000000c9300000)
 Metaspace       used 91263K, committed 92736K, reserved 1179648K
  class space    used 8624K, committed 9344K, reserved 1048576K
}
Event: 5031.766 GC heap after
{Heap after GC invocations=11724 (full 171):
 PSYoungGen      total 5632K, used 2048K [0x00000000eab00000, 0x00000000eb580000, 0x0000000100000000)
  eden space 3584K, 0% used [0x00000000eab00000,0x00000000eab00000,0x00000000eae80000)
  from space 2048K, 100% used [0x00000000eaf00000,0x00000000eb100000,0x00000000eb100000)
  to   space 3584K, 0% used [0x00000000eb200000,0x00000000eb200000,0x00000000eb580000)
 ParOldGen       total 150528K, used 148688K [0x00000000c0000000, 0x00000000c9300000, 0x00000000eab00000)
  object space 150528K, 98% used [0x00000000c0000000,0x00000000c91340f0,0x00000000c9300000)
 Metaspace       used 91263K, committed 92736K, reserved 1179648K
  class space    used 8624K, committed 9344K, reserved 1048576K
}

