# JRE version: OpenJDK Runtime Environment Temurin-21.0.3+9 (21.0.3+9) (build 21.0.3+9-LTS)
# Java VM: OpenJDK 64-Bit Server VM Temurin-21.0.3+9 (21.0.3+9-LTS, mixed mode, sharing, tiered, compressed oops, compressed class ptrs, parallel gc, windows-amd64)
GC Precious Log:
 CardTable entry size: 512
 CPUs: 12 total, 12 available
 Memory: 16108M
 Large Page Support: Disabled
 NUMA Support: Disabled
 Compressed Oops: Enabled (32-bit)
 Alignments: Space 512K, Generation 512K, Heap 2M
 Heap Min Capacity: 100M
 Heap Initial Capacity: 100M
 Heap Max Capacity: 1G
 Pre-touch: Disabled
 Parallel Workers: 10
Heap:
 PSYoungGen      total 6656K, used 5406K [0x00000000eab00000, 0x00000000eb380000, 0x0000000100000000)
  eden space 5632K, 81% used [0x00000000eab00000,0x00000000eaf756d8,0x00000000eb080000)
  from space 1024K, 82% used [0x00000000eb280000,0x00000000eb352250,0x00000000eb380000)
  to   space 1024K, 0% used [0x00000000eb180000,0x00000000eb180000,0x00000000eb280000)
 ParOldGen       total 403456K, used 334507K [0x00000000c0000000, 0x00000000d8a00000, 0x00000000eab00000)
  object space 403456K, 82% used [0x00000000c0000000,0x00000000d46aaff0,0x00000000d8a00000)
 Metaspace       used 66145K, committed 67584K, reserved 1114112K
  class space    used 6694K, committed 7296K, reserved 1048576K
GC Heap History (20 events):
Event: 42.472 GC heap after
{Heap after GC invocations=453 (full 18):
 PSYoungGen      total 7680K, used 1672K [0x00000000eab00000, 0x00000000eb580000, 0x0000000100000000)
  eden space 5632K, 0% used [0x00000000eab00000,0x00000000eab00000,0x00000000eb080000)
  from space 2048K, 81% used [0x00000000eb380000,0x00000000eb5220b0,0x00000000eb580000)
  to   space 2048K, 0% used [0x00000000eb080000,0x00000000eb080000,0x00000000eb280000)
 ParOldGen       total 351744K, used 342580K [0x00000000c0000000, 0x00000000d5780000, 0x00000000eab00000)
  object space 351744K, 97% used [0x00000000c0000000,0x00000000d4e8d0c0,0x00000000d5780000)
 Metaspace       used 64738K, committed 66176K, reserved 1114112K
  class space    used 6573K, committed 7232K, reserved 1048576K
}
Event: 42.501 GC heap before
{Heap before GC invocations=454 (full 18):
 PSYoungGen      total 7680K, used 7304K [0x00000000eab00000, 0x00000000eb580000, 0x0000000100000000)
  eden space 5632K, 100% used [0x00000000eab00000,0x00000000eb080000,0x00000000eb080000)
  from space 2048K, 81% used [0x00000000eb380000,0x00000000eb5220b0,0x00000000eb580000)
  to   space 2048K, 0% used [0x00000000eb080000,0x00000000eb080000,0x00000000eb280000)
 ParOldGen       total 351744K, used 342580K [0x00000000c0000000, 0x00000000d5780000, 0x00000000eab00000)
  object space 351744K, 97% used [0x00000000c0000000,0x00000000d4e8d0c0,0x00000000d5780000)
 Metaspace       used 64881K, committed 66304K, reserved 1114112K
  class space    used 6584K, committed 7232K, reserved 1048576K
}
Event: 42.504 GC heap after
{Heap after GC invocations=454 (full 18):
 PSYoungGen      total 7680K, used 1153K [0x00000000eab00000, 0x00000000eb400000, 0x0000000100000000)
  eden space 5632K, 0% used [0x00000000eab00000,0x00000000eab00000,0x00000000eb080000)
  from space 2048K, 56% used [0x00000000eb080000,0x00000000eb1a0788,0x00000000eb280000)
  to   space 1536K, 0% used [0x00000000eb280000,0x00000000eb280000,0x00000000eb400000)
 ParOldGen       total 351744K, used 343732K [0x00000000c0000000, 0x00000000d5780000, 0x00000000eab00000)
  object space 351744K, 97% used [0x00000000c0000000,0x00000000d4fad238,0x00000000d5780000)
 Metaspace       used 64881K, committed 66304K, reserved 1114112K
  class space    used 6584K, committed 7232K, reserved 1048576K
}
Event: 42.583 GC heap before
{Heap before GC invocations=455 (full 18):
 PSYoungGen      total 7680K, used 6785K [0x00000000eab00000, 0x00000000eb400000, 0x0000000100000000)
  eden space 5632K, 100% used [0x00000000eab00000,0x00000000eb080000,0x00000000eb080000)
  from space 2048K, 56% used [0x00000000eb080000,0x00000000eb1a0788,0x00000000eb280000)
  to   space 1536K, 0% used [0x00000000eb280000,0x00000000eb280000,0x00000000eb400000)
 ParOldGen       total 351744K, used 343732K [0x00000000c0000000, 0x00000000d5780000, 0x00000000eab00000)
  object space 351744K, 97% used [0x00000000c0000000,0x00000000d4fad238,0x00000000d5780000)
 Metaspace       used 64963K, committed 66368K, reserved 1114112K
  class space    used 6590K, committed 7232K, reserved 1048576K
}
Event: 42.587 GC heap after
{Heap after GC invocations=455 (full 18):
 PSYoungGen      total 7168K, used 1411K [0x00000000eab00000, 0x00000000eb400000, 0x0000000100000000)
  eden space 5632K, 0% used [0x00000000eab00000,0x00000000eab00000,0x00000000eb080000)
  from space 1536K, 91% used [0x00000000eb280000,0x00000000eb3e0e58,0x00000000eb400000)
  to   space 1536K, 0% used [0x00000000eb100000,0x00000000eb100000,0x00000000eb280000)
 ParOldGen       total 351744K, used 344712K [0x00000000c0000000, 0x00000000d5780000, 0x00000000eab00000)
  object space 351744K, 98% used [0x00000000c0000000,0x00000000d50a21e0,0x00000000d5780000)
 Metaspace       used 64963K, committed 66368K, reserved 1114112K
  class space    used 6590K, committed 7232K, reserved 1048576K
}
Event: 42.669 GC heap before
{Heap before GC invocations=456 (full 18):
 PSYoungGen      total 7168K, used 7043K [0x00000000eab00000, 0x00000000eb400000, 0x0000000100000000)
  eden space 5632K, 100% used [0x00000000eab00000,0x00000000eb080000,0x00000000eb080000)
  from space 1536K, 91% used [0x00000000eb280000,0x00000000eb3e0e58,0x00000000eb400000)
  to   space 1536K, 0% used [0x00000000eb100000,0x00000000eb100000,0x00000000eb280000)
 ParOldGen       total 351744K, used 344712K [0x00000000c0000000, 0x00000000d5780000, 0x00000000eab00000)
  object space 351744K, 98% used [0x00000000c0000000,0x00000000d50a21e0,0x00000000d5780000)
 Metaspace       used 64993K, committed 66432K, reserved 1114112K
  class space    used 6590K, committed 7232K, reserved 1048576K
}
Event: 42.673 GC heap after
{Heap after GC invocations=456 (full 18):
 PSYoungGen      total 7168K, used 1509K [0x00000000eab00000, 0x00000000eb680000, 0x0000000100000000)
  eden space 5632K, 0% used [0x00000000eab00000,0x00000000eab00000,0x00000000eb080000)
  from space 1536K, 98% used [0x00000000eb100000,0x00000000eb279470,0x00000000eb280000)
  to   space 3072K, 0% used [0x00000000eb380000,0x00000000eb380000,0x00000000eb680000)
 ParOldGen       total 351744K, used 345891K [0x00000000c0000000, 0x00000000d5780000, 0x00000000eab00000)
  object space 351744K, 98% used [0x00000000c0000000,0x00000000d51c8ce0,0x00000000d5780000)
 Metaspace       used 64993K, committed 66432K, reserved 1114112K
  class space    used 6590K, committed 7232K, reserved 1048576K
}
Event: 42.809 GC heap before
{Heap before GC invocations=457 (full 18):
 PSYoungGen      total 7168K, used 7141K [0x00000000eab00000, 0x00000000eb680000, 0x0000000100000000)
  eden space 5632K, 100% used [0x00000000eab00000,0x00000000eb080000,0x00000000eb080000)
  from space 1536K, 98% used [0x00000000eb100000,0x00000000eb279470,0x00000000eb280000)
  to   space 3072K, 0% used [0x00000000eb380000,0x00000000eb380000,0x00000000eb680000)
 ParOldGen       total 351744K, used 345891K [0x00000000c0000000, 0x00000000d5780000, 0x00000000eab00000)
  object space 351744K, 98% used [0x00000000c0000000,0x00000000d51c8ce0,0x00000000d5780000)
 Metaspace       used 65087K, committed 66496K, reserved 1114112K
  class space    used 6590K, committed 7232K, reserved 1048576K
}
Event: 42.815 GC heap after
{Heap after GC invocations=457 (full 18):
 PSYoungGen      total 7168K, used 1421K [0x00000000eab00000, 0x00000000eb500000, 0x0000000100000000)
  eden space 5632K, 0% used [0x00000000eab00000,0x00000000eab00000,0x00000000eb080000)
  from space 1536K, 92% used [0x00000000eb380000,0x00000000eb4e3668,0x00000000eb500000)
  to   space 2048K, 0% used [0x00000000eb100000,0x00000000eb100000,0x00000000eb300000)
 ParOldGen       total 351744K, used 347399K [0x00000000c0000000, 0x00000000d5780000, 0x00000000eab00000)
  object space 351744K, 98% used [0x00000000c0000000,0x00000000d5341cc8,0x00000000d5780000)
 Metaspace       used 65087K, committed 66496K, reserved 1114112K
  class space    used 6590K, committed 7232K, reserved 1048576K
}
Event: 42.889 GC heap before
{Heap before GC invocations=458 (full 18):
 PSYoungGen      total 7168K, used 7053K [0x00000000eab00000, 0x00000000eb500000, 0x0000000100000000)
  eden space 5632K, 100% used [0x00000000eab00000,0x00000000eb080000,0x00000000eb080000)
  from space 1536K, 92% used [0x00000000eb380000,0x00000000eb4e3668,0x00000000eb500000)
  to   space 2048K, 0% used [0x00000000eb100000,0x00000000eb100000,0x00000000eb300000)
 ParOldGen       total 351744K, used 347399K [0x00000000c0000000, 0x00000000d5780000, 0x00000000eab00000)
  object space 351744K, 98% used [0x00000000c0000000,0x00000000d5341cc8,0x00000000d5780000)
 Metaspace       used 65134K, committed 66560K, reserved 1114112K
  class space    used 6591K, committed 7232K, reserved 1048576K
}
Event: 42.894 GC heap after
{Heap after GC invocations=458 (full 18):
 PSYoungGen      total 7680K, used 2040K [0x00000000eab00000, 0x00000000eb780000, 0x0000000100000000)
  eden space 5632K, 0% used [0x00000000eab00000,0x00000000eab00000,0x00000000eb080000)
  from space 2048K, 99% used [0x00000000eb100000,0x00000000eb2fe300,0x00000000eb300000)
  to   space 3584K, 0% used [0x00000000eb400000,0x00000000eb400000,0x00000000eb780000)
 ParOldGen       total 351744K, used 348192K [0x00000000c0000000, 0x00000000d5780000, 0x00000000eab00000)
  object space 351744K, 98% used [0x00000000c0000000,0x00000000d5408228,0x00000000d5780000)
 Metaspace       used 65134K, committed 66560K, reserved 1114112K
  class space    used 6591K, committed 7232K, reserved 1048576K
}
Event: 42.921 GC heap before
{Heap before GC invocations=459 (full 18):
 PSYoungGen      total 7680K, used 7672K [0x00000000eab00000, 0x00000000eb780000, 0x0000000100000000)
  eden space 5632K, 100% used [0x00000000eab00000,0x00000000eb080000,0x00000000eb080000)
  from space 2048K, 99% used [0x00000000eb100000,0x00000000eb2fe300,0x00000000eb300000)
  to   space 3584K, 0% used [0x00000000eb400000,0x00000000eb400000,0x00000000eb780000)
 ParOldGen       total 351744K, used 348192K [0x00000000c0000000, 0x00000000d5780000, 0x00000000eab00000)
  object space 351744K, 98% used [0x00000000c0000000,0x00000000d5408228,0x00000000d5780000)
 Metaspace       used 65355K, committed 66752K, reserved 1114112K
  class space    used 6613K, committed 7232K, reserved 1048576K
}
Event: 42.928 GC heap after
{Heap after GC invocations=459 (full 18):
 PSYoungGen      total 6656K, used 963K [0x00000000eab00000, 0x00000000eb500000, 0x0000000100000000)
  eden space 5632K, 0% used [0x00000000eab00000,0x00000000eab00000,0x00000000eb080000)
  from space 1024K, 94% used [0x00000000eb400000,0x00000000eb4f0d20,0x00000000eb500000)
  to   space 2048K, 0% used [0x00000000eb100000,0x00000000eb100000,0x00000000eb300000)
 ParOldGen       total 351744K, used 350224K [0x00000000c0000000, 0x00000000d5780000, 0x00000000eab00000)
  object space 351744K, 99% used [0x00000000c0000000,0x00000000d5604150,0x00000000d5780000)
 Metaspace       used 65355K, committed 66752K, reserved 1114112K
  class space    used 6613K, committed 7232K, reserved 1048576K
}
Event: 42.928 GC heap before
{Heap before GC invocations=460 (full 19):
 PSYoungGen      total 6656K, used 963K [0x00000000eab00000, 0x00000000eb500000, 0x0000000100000000)
  eden space 5632K, 0% used [0x00000000eab00000,0x00000000eab00000,0x00000000eb080000)
  from space 1024K, 94% used [0x00000000eb400000,0x00000000eb4f0d20,0x00000000eb500000)
  to   space 2048K, 0% used [0x00000000eb100000,0x00000000eb100000,0x00000000eb300000)
 ParOldGen       total 351744K, used 350224K [0x00000000c0000000, 0x00000000d5780000, 0x00000000eab00000)
  object space 351744K, 99% used [0x00000000c0000000,0x00000000d5604150,0x00000000d5780000)
 Metaspace       used 65355K, committed 66752K, reserved 1114112K
  class space    used 6613K, committed 7232K, reserved 1048576K
}
Event: 43.159 GC heap after
{Heap after GC invocations=460 (full 19):
 PSYoungGen      total 6144K, used 0K [0x00000000eab00000, 0x00000000eb480000, 0x0000000100000000)
  eden space 5632K, 0% used [0x00000000eab00000,0x00000000eab00000,0x00000000eb080000)
  from space 512K, 0% used [0x00000000eb100000,0x00000000eb100000,0x00000000eb180000)
  to   space 2048K, 0% used [0x00000000eb280000,0x00000000eb280000,0x00000000eb480000)
 ParOldGen       total 403456K, used 333332K [0x00000000c0000000, 0x00000000d8a00000, 0x00000000eab00000)
  object space 403456K, 82% used [0x00000000c0000000,0x00000000d45853a8,0x00000000d8a00000)
 Metaspace       used 65349K, committed 66752K, reserved 1114112K
  class space    used 6611K, committed 7232K, reserved 1048576K
}
Event: 43.195 GC heap before
{Heap before GC invocations=461 (full 19):
 PSYoungGen      total 6144K, used 5589K [0x00000000eab00000, 0x00000000eb480000, 0x0000000100000000)
  eden space 5632K, 99% used [0x00000000eab00000,0x00000000eb075420,0x00000000eb080000)
  from space 512K, 0% used [0x00000000eb100000,0x00000000eb100000,0x00000000eb180000)
  to   space 2048K, 0% used [0x00000000eb280000,0x00000000eb280000,0x00000000eb480000)
 ParOldGen       total 403456K, used 333332K [0x00000000c0000000, 0x00000000d8a00000, 0x00000000eab00000)
  object space 403456K, 82% used [0x00000000c0000000,0x00000000d45853a8,0x00000000d8a00000)
 Metaspace       used 65595K, committed 66944K, reserved 1114112K
  class space    used 6627K, committed 7232K, reserved 1048576K
}
Event: 43.198 GC heap after
{Heap after GC invocations=461 (full 19):
 PSYoungGen      total 6656K, used 640K [0x00000000eab00000, 0x00000000eb380000, 0x0000000100000000)
  eden space 5632K, 0% used [0x00000000eab00000,0x00000000eab00000,0x00000000eb080000)
  from space 1024K, 62% used [0x00000000eb280000,0x00000000eb320020,0x00000000eb380000)
  to   space 1024K, 0% used [0x00000000eb180000,0x00000000eb180000,0x00000000eb280000)
 ParOldGen       total 403456K, used 333332K [0x00000000c0000000, 0x00000000d8a00000, 0x00000000eab00000)
  object space 403456K, 82% used [0x00000000c0000000,0x00000000d45853a8,0x00000000d8a00000)
 Metaspace       used 65595K, committed 66944K, reserved 1114112K
  class space    used 6627K, committed 7232K, reserved 1048576K
}
Event: 43.232 GC heap before
{Heap before GC invocations=462 (full 19):
 PSYoungGen      total 6656K, used 6272K [0x00000000eab00000, 0x00000000eb380000, 0x0000000100000000)
  eden space 5632K, 100% used [0x00000000eab00000,0x00000000eb080000,0x00000000eb080000)
  from space 1024K, 62% used [0x00000000eb280000,0x00000000eb320020,0x00000000eb380000)
  to   space 1024K, 0% used [0x00000000eb180000,0x00000000eb180000,0x00000000eb280000)
 ParOldGen       total 403456K, used 333332K [0x00000000c0000000, 0x00000000d8a00000, 0x00000000eab00000)
  object space 403456K, 82% used [0x00000000c0000000,0x00000000d45853a8,0x00000000d8a00000)
 Metaspace       used 65712K, committed 67072K, reserved 1114112K
  class space    used 6639K, committed 7232K, reserved 1048576K
}
Event: 43.236 GC heap after
{Heap after GC invocations=462 (full 19):
 PSYoungGen      total 6656K, used 1016K [0x00000000eab00000, 0x00000000eb380000, 0x0000000100000000)
  eden space 5632K, 0% used [0x00000000eab00000,0x00000000eab00000,0x00000000eb080000)
  from space 1024K, 99% used [0x00000000eb180000,0x00000000eb27e100,0x00000000eb280000)
  to   space 1024K, 0% used [0x00000000eb280000,0x00000000eb280000,0x00000000eb380000)
 ParOldGen       total 403456K, used 333629K [0x00000000c0000000, 0x00000000d8a00000, 0x00000000eab00000)
  object space 403456K, 82% used [0x00000000c0000000,0x00000000d45cf4e0,0x00000000d8a00000)
 Metaspace       used 65712K, committed 67072K, reserved 1114112K
  class space    used 6639K, committed 7232K, reserved 1048576K
}
Event: 43.319 GC heap before
{Heap before GC invocations=463 (full 19):
 PSYoungGen      total 6656K, used 6648K [0x00000000eab00000, 0x00000000eb380000, 0x0000000100000000)
  eden space 5632K, 100% used [0x00000000eab00000,0x00000000eb080000,0x00000000eb080000)
  from space 1024K, 99% used [0x00000000eb180000,0x00000000eb27e100,0x00000000eb280000)
  to   space 1024K, 0% used [0x00000000eb280000,0x00000000eb280000,0x00000000eb380000)
 ParOldGen       total 403456K, used 333629K [0x00000000c0000000, 0x00000000d8a00000, 0x00000000eab00000)
  object space 403456K, 82% used [0x00000000c0000000,0x00000000d45cf4e0,0x00000000d8a00000)
 Metaspace       used 66020K, committed 67456K, reserved 1114112K
  class space    used 6668K, committed 7296K, reserved 1048576K
}

