# JRE version: OpenJDK Runtime Environment Temurin-17.0.11+9 (17.0.11+9) (build 17.0.11+9)
# Java VM: OpenJDK 64-Bit Server VM Temurin-17.0.11+9 (17.0.11+9, mixed mode, tiered, compressed oops, compressed class ptrs, parallel gc, windows-amd64)
GC Precious Log:
 CPUs: 12 total, 12 available
 Memory: 16108M
 Large Page Support: Disabled
 NUMA Support: Disabled
 Compressed Oops: Enabled (32-bit)
 Alignments: Space 512K, Generation 512K, Heap 2M
 Heap Min Capacity: 100M
 Heap Initial Capacity: 100M
 Heap Max Capacity: 1G
 Pre-touch: Disabled
 Parallel Workers: 10
Heap:
 PSYoungGen      total 2048K, used 1415K [0x00000000eab00000, 0x00000000eae80000, 0x0000000100000000)
  eden space 1536K, 77% used [0x00000000eab00000,0x00000000eac29db0,0x00000000eac80000)
  from space 512K, 43% used [0x00000000eac80000,0x00000000eacb8000,0x00000000ead00000)
  to   space 512K, 0% used [0x00000000eae00000,0x00000000eae00000,0x00000000eae80000)
 ParOldGen       total 273920K, used 266024K [0x00000000c0000000, 0x00000000d0b80000, 0x00000000eab00000)
  object space 273920K, 97% used [0x00000000c0000000,0x00000000d03ca028,0x00000000d0b80000)
 Metaspace       used 80195K, committed 81472K, reserved 1179648K
  class space    used 8110K, committed 8640K, reserved 1048576K
GC Heap History (20 events):
Event: 89.276 GC heap before
{Heap before GC invocations=729 (full 18):
 PSYoungGen      total 3584K, used 3200K [0x00000000eab00000, 0x00000000eaf80000, 0x0000000100000000)
  eden space 2560K, 100% used [0x00000000eab00000,0x00000000ead80000,0x00000000ead80000)
  from space 1024K, 62% used [0x00000000ead80000,0x00000000eae20000,0x00000000eae80000)
  to   space 1024K, 0% used [0x00000000eae80000,0x00000000eae80000,0x00000000eaf80000)
 ParOldGen       total 273920K, used 264151K [0x00000000c0000000, 0x00000000d0b80000, 0x00000000eab00000)
  object space 273920K, 96% used [0x00000000c0000000,0x00000000d01f5db8,0x00000000d0b80000)
 Metaspace       used 80149K, committed 81408K, reserved 1179648K
  class space    used 8110K, committed 8640K, reserved 1048576K
}
Event: 89.277 GC heap after
{Heap after GC invocations=729 (full 18):
 PSYoungGen      total 2560K, used 1000K [0x00000000eab00000, 0x00000000eb200000, 0x0000000100000000)
  eden space 1536K, 0% used [0x00000000eab00000,0x00000000eab00000,0x00000000eac80000)
  from space 1024K, 97% used [0x00000000eae80000,0x00000000eaf7a100,0x00000000eaf80000)
  to   space 2048K, 0% used [0x00000000eac80000,0x00000000eac80000,0x00000000eae80000)
 ParOldGen       total 273920K, used 264703K [0x00000000c0000000, 0x00000000d0b80000, 0x00000000eab00000)
  object space 273920K, 96% used [0x00000000c0000000,0x00000000d027fd18,0x00000000d0b80000)
 Metaspace       used 80149K, committed 81408K, reserved 1179648K
  class space    used 8110K, committed 8640K, reserved 1048576K
}
Event: 89.282 GC heap before
{Heap before GC invocations=730 (full 18):
 PSYoungGen      total 2560K, used 2536K [0x00000000eab00000, 0x00000000eb200000, 0x0000000100000000)
  eden space 1536K, 99% used [0x00000000eab00000,0x00000000eac7ffe8,0x00000000eac80000)
  from space 1024K, 97% used [0x00000000eae80000,0x00000000eaf7a100,0x00000000eaf80000)
  to   space 2048K, 0% used [0x00000000eac80000,0x00000000eac80000,0x00000000eae80000)
 ParOldGen       total 273920K, used 264703K [0x00000000c0000000, 0x00000000d0b80000, 0x00000000eab00000)
  object space 273920K, 96% used [0x00000000c0000000,0x00000000d027fd18,0x00000000d0b80000)
 Metaspace       used 80151K, committed 81408K, reserved 1179648K
  class space    used 8110K, committed 8640K, reserved 1048576K
}
Event: 89.283 GC heap after
{Heap after GC invocations=730 (full 18):
 PSYoungGen      total 2048K, used 288K [0x00000000eab00000, 0x00000000eaf00000, 0x0000000100000000)
  eden space 1536K, 0% used [0x00000000eab00000,0x00000000eab00000,0x00000000eac80000)
  from space 512K, 56% used [0x00000000eac80000,0x00000000eacc8000,0x00000000ead00000)
  to   space 1024K, 0% used [0x00000000eae00000,0x00000000eae00000,0x00000000eaf00000)
 ParOldGen       total 273920K, used 265488K [0x00000000c0000000, 0x00000000d0b80000, 0x00000000eab00000)
  object space 273920K, 96% used [0x00000000c0000000,0x00000000d0344028,0x00000000d0b80000)
 Metaspace       used 80151K, committed 81408K, reserved 1179648K
  class space    used 8110K, committed 8640K, reserved 1048576K
}
Event: 89.292 GC heap before
{Heap before GC invocations=731 (full 18):
 PSYoungGen      total 2048K, used 1824K [0x00000000eab00000, 0x00000000eaf00000, 0x0000000100000000)
  eden space 1536K, 100% used [0x00000000eab00000,0x00000000eac80000,0x00000000eac80000)
  from space 512K, 56% used [0x00000000eac80000,0x00000000eacc8000,0x00000000ead00000)
  to   space 1024K, 0% used [0x00000000eae00000,0x00000000eae00000,0x00000000eaf00000)
 ParOldGen       total 273920K, used 265488K [0x00000000c0000000, 0x00000000d0b80000, 0x00000000eab00000)
  object space 273920K, 96% used [0x00000000c0000000,0x00000000d0344028,0x00000000d0b80000)
 Metaspace       used 80151K, committed 81408K, reserved 1179648K
  class space    used 8110K, committed 8640K, reserved 1048576K
}
Event: 89.292 GC heap after
{Heap after GC invocations=731 (full 18):
 PSYoungGen      total 2048K, used 320K [0x00000000eab00000, 0x00000000eae80000, 0x0000000100000000)
  eden space 1536K, 0% used [0x00000000eab00000,0x00000000eab00000,0x00000000eac80000)
  from space 512K, 62% used [0x00000000eae00000,0x00000000eae50000,0x00000000eae80000)
  to   space 512K, 0% used [0x00000000eac80000,0x00000000eac80000,0x00000000ead00000)
 ParOldGen       total 273920K, used 265552K [0x00000000c0000000, 0x00000000d0b80000, 0x00000000eab00000)
  object space 273920K, 96% used [0x00000000c0000000,0x00000000d0354028,0x00000000d0b80000)
 Metaspace       used 80151K, committed 81408K, reserved 1179648K
  class space    used 8110K, committed 8640K, reserved 1048576K
}
Event: 89.298 GC heap before
{Heap before GC invocations=732 (full 18):
 PSYoungGen      total 2048K, used 1856K [0x00000000eab00000, 0x00000000eae80000, 0x0000000100000000)
  eden space 1536K, 100% used [0x00000000eab00000,0x00000000eac80000,0x00000000eac80000)
  from space 512K, 62% used [0x00000000eae00000,0x00000000eae50000,0x00000000eae80000)
  to   space 512K, 0% used [0x00000000eac80000,0x00000000eac80000,0x00000000ead00000)
 ParOldGen       total 273920K, used 265552K [0x00000000c0000000, 0x00000000d0b80000, 0x00000000eab00000)
  object space 273920K, 96% used [0x00000000c0000000,0x00000000d0354028,0x00000000d0b80000)
 Metaspace       used 80164K, committed 81408K, reserved 1179648K
  class space    used 8110K, committed 8640K, reserved 1048576K
}
Event: 89.300 GC heap after
{Heap after GC invocations=732 (full 18):
 PSYoungGen      total 2048K, used 288K [0x00000000eab00000, 0x00000000eae80000, 0x0000000100000000)
  eden space 1536K, 0% used [0x00000000eab00000,0x00000000eab00000,0x00000000eac80000)
  from space 512K, 56% used [0x00000000eac80000,0x00000000eacc8000,0x00000000ead00000)
  to   space 512K, 0% used [0x00000000eae00000,0x00000000eae00000,0x00000000eae80000)
 ParOldGen       total 273920K, used 265600K [0x00000000c0000000, 0x00000000d0b80000, 0x00000000eab00000)
  object space 273920K, 96% used [0x00000000c0000000,0x00000000d0360028,0x00000000d0b80000)
 Metaspace       used 80164K, committed 81408K, reserved 1179648K
  class space    used 8110K, committed 8640K, reserved 1048576K
}
Event: 89.308 GC heap before
{Heap before GC invocations=733 (full 18):
 PSYoungGen      total 2048K, used 1824K [0x00000000eab00000, 0x00000000eae80000, 0x0000000100000000)
  eden space 1536K, 100% used [0x00000000eab00000,0x00000000eac80000,0x00000000eac80000)
  from space 512K, 56% used [0x00000000eac80000,0x00000000eacc8000,0x00000000ead00000)
  to   space 512K, 0% used [0x00000000eae00000,0x00000000eae00000,0x00000000eae80000)
 ParOldGen       total 273920K, used 265600K [0x00000000c0000000, 0x00000000d0b80000, 0x00000000eab00000)
  object space 273920K, 96% used [0x00000000c0000000,0x00000000d0360028,0x00000000d0b80000)
 Metaspace       used 80170K, committed 81408K, reserved 1179648K
  class space    used 8110K, committed 8640K, reserved 1048576K
}
Event: 89.309 GC heap after
{Heap after GC invocations=733 (full 18):
 PSYoungGen      total 2048K, used 288K [0x00000000eab00000, 0x00000000eae80000, 0x0000000100000000)
  eden space 1536K, 0% used [0x00000000eab00000,0x00000000eab00000,0x00000000eac80000)
  from space 512K, 56% used [0x00000000eae00000,0x00000000eae48000,0x00000000eae80000)
  to   space 512K, 0% used [0x00000000eac80000,0x00000000eac80000,0x00000000ead00000)
 ParOldGen       total 273920K, used 265664K [0x00000000c0000000, 0x00000000d0b80000, 0x00000000eab00000)
  object space 273920K, 96% used [0x00000000c0000000,0x00000000d0370028,0x00000000d0b80000)
 Metaspace       used 80170K, committed 81408K, reserved 1179648K
  class space    used 8110K, committed 8640K, reserved 1048576K
}
Event: 89.315 GC heap before
{Heap before GC invocations=734 (full 18):
 PSYoungGen      total 2048K, used 1824K [0x00000000eab00000, 0x00000000eae80000, 0x0000000100000000)
  eden space 1536K, 100% used [0x00000000eab00000,0x00000000eac80000,0x00000000eac80000)
  from space 512K, 56% used [0x00000000eae00000,0x00000000eae48000,0x00000000eae80000)
  to   space 512K, 0% used [0x00000000eac80000,0x00000000eac80000,0x00000000ead00000)
 ParOldGen       total 273920K, used 265664K [0x00000000c0000000, 0x00000000d0b80000, 0x00000000eab00000)
  object space 273920K, 96% used [0x00000000c0000000,0x00000000d0370028,0x00000000d0b80000)
 Metaspace       used 80180K, committed 81408K, reserved 1179648K
  class space    used 8110K, committed 8640K, reserved 1048576K
}
Event: 89.317 GC heap after
{Heap after GC invocations=734 (full 18):
 PSYoungGen      total 2048K, used 256K [0x00000000eab00000, 0x00000000eae80000, 0x0000000100000000)
  eden space 1536K, 0% used [0x00000000eab00000,0x00000000eab00000,0x00000000eac80000)
  from space 512K, 50% used [0x00000000eac80000,0x00000000eacc0000,0x00000000ead00000)
  to   space 512K, 0% used [0x00000000eae00000,0x00000000eae00000,0x00000000eae80000)
 ParOldGen       total 273920K, used 265712K [0x00000000c0000000, 0x00000000d0b80000, 0x00000000eab00000)
  object space 273920K, 97% used [0x00000000c0000000,0x00000000d037c028,0x00000000d0b80000)
 Metaspace       used 80180K, committed 81408K, reserved 1179648K
  class space    used 8110K, committed 8640K, reserved 1048576K
}
Event: 89.323 GC heap before
{Heap before GC invocations=735 (full 18):
 PSYoungGen      total 2048K, used 1792K [0x00000000eab00000, 0x00000000eae80000, 0x0000000100000000)
  eden space 1536K, 100% used [0x00000000eab00000,0x00000000eac80000,0x00000000eac80000)
  from space 512K, 50% used [0x00000000eac80000,0x00000000eacc0000,0x00000000ead00000)
  to   space 512K, 0% used [0x00000000eae00000,0x00000000eae00000,0x00000000eae80000)
 ParOldGen       total 273920K, used 265712K [0x00000000c0000000, 0x00000000d0b80000, 0x00000000eab00000)
  object space 273920K, 97% used [0x00000000c0000000,0x00000000d037c028,0x00000000d0b80000)
 Metaspace       used 80182K, committed 81408K, reserved 1179648K
  class space    used 8110K, committed 8640K, reserved 1048576K
}
Event: 89.324 GC heap after
{Heap after GC invocations=735 (full 18):
 PSYoungGen      total 2048K, used 256K [0x00000000eab00000, 0x00000000eae80000, 0x0000000100000000)
  eden space 1536K, 0% used [0x00000000eab00000,0x00000000eab00000,0x00000000eac80000)
  from space 512K, 50% used [0x00000000eae00000,0x00000000eae40000,0x00000000eae80000)
  to   space 512K, 0% used [0x00000000eac80000,0x00000000eac80000,0x00000000ead00000)
 ParOldGen       total 273920K, used 265760K [0x00000000c0000000, 0x00000000d0b80000, 0x00000000eab00000)
  object space 273920K, 97% used [0x00000000c0000000,0x00000000d0388028,0x00000000d0b80000)
 Metaspace       used 80182K, committed 81408K, reserved 1179648K
  class space    used 8110K, committed 8640K, reserved 1048576K
}
Event: 89.330 GC heap before
{Heap before GC invocations=736 (full 18):
 PSYoungGen      total 2048K, used 1792K [0x00000000eab00000, 0x00000000eae80000, 0x0000000100000000)
  eden space 1536K, 100% used [0x00000000eab00000,0x00000000eac80000,0x00000000eac80000)
  from space 512K, 50% used [0x00000000eae00000,0x00000000eae40000,0x00000000eae80000)
  to   space 512K, 0% used [0x00000000eac80000,0x00000000eac80000,0x00000000ead00000)
 ParOldGen       total 273920K, used 265760K [0x00000000c0000000, 0x00000000d0b80000, 0x00000000eab00000)
  object space 273920K, 97% used [0x00000000c0000000,0x00000000d0388028,0x00000000d0b80000)
 Metaspace       used 80182K, committed 81408K, reserved 1179648K
  class space    used 8110K, committed 8640K, reserved 1048576K
}
Event: 89.331 GC heap after
{Heap after GC invocations=736 (full 18):
 PSYoungGen      total 2048K, used 320K [0x00000000eab00000, 0x00000000eae80000, 0x0000000100000000)
  eden space 1536K, 0% used [0x00000000eab00000,0x00000000eab00000,0x00000000eac80000)
  from space 512K, 62% used [0x00000000eac80000,0x00000000eacd0000,0x00000000ead00000)
  to   space 512K, 0% used [0x00000000eae00000,0x00000000eae00000,0x00000000eae80000)
 ParOldGen       total 273920K, used 265816K [0x00000000c0000000, 0x00000000d0b80000, 0x00000000eab00000)
  object space 273920K, 97% used [0x00000000c0000000,0x00000000d0396028,0x00000000d0b80000)
 Metaspace       used 80182K, committed 81408K, reserved 1179648K
  class space    used 8110K, committed 8640K, reserved 1048576K
}
Event: 89.339 GC heap before
{Heap before GC invocations=737 (full 18):
 PSYoungGen      total 2048K, used 1856K [0x00000000eab00000, 0x00000000eae80000, 0x0000000100000000)
  eden space 1536K, 100% used [0x00000000eab00000,0x00000000eac80000,0x00000000eac80000)
  from space 512K, 62% used [0x00000000eac80000,0x00000000eacd0000,0x00000000ead00000)
  to   space 512K, 0% used [0x00000000eae00000,0x00000000eae00000,0x00000000eae80000)
 ParOldGen       total 273920K, used 265816K [0x00000000c0000000, 0x00000000d0b80000, 0x00000000eab00000)
  object space 273920K, 97% used [0x00000000c0000000,0x00000000d0396028,0x00000000d0b80000)
 Metaspace       used 80183K, committed 81408K, reserved 1179648K
  class space    used 8110K, committed 8640K, reserved 1048576K
}
Event: 89.340 GC heap after
{Heap after GC invocations=737 (full 18):
 PSYoungGen      total 2048K, used 320K [0x00000000eab00000, 0x00000000eae80000, 0x0000000100000000)
  eden space 1536K, 0% used [0x00000000eab00000,0x00000000eab00000,0x00000000eac80000)
  from space 512K, 62% used [0x00000000eae00000,0x00000000eae50000,0x00000000eae80000)
  to   space 512K, 0% used [0x00000000eac80000,0x00000000eac80000,0x00000000ead00000)
 ParOldGen       total 273920K, used 265872K [0x00000000c0000000, 0x00000000d0b80000, 0x00000000eab00000)
  object space 273920K, 97% used [0x00000000c0000000,0x00000000d03a4028,0x00000000d0b80000)
 Metaspace       used 80183K, committed 81408K, reserved 1179648K
  class space    used 8110K, committed 8640K, reserved 1048576K
}
Event: 89.343 GC heap before
{Heap before GC invocations=738 (full 18):
 PSYoungGen      total 2048K, used 1856K [0x00000000eab00000, 0x00000000eae80000, 0x0000000100000000)
  eden space 1536K, 100% used [0x00000000eab00000,0x00000000eac80000,0x00000000eac80000)
  from space 512K, 62% used [0x00000000eae00000,0x00000000eae50000,0x00000000eae80000)
  to   space 512K, 0% used [0x00000000eac80000,0x00000000eac80000,0x00000000ead00000)
 ParOldGen       total 273920K, used 265872K [0x00000000c0000000, 0x00000000d0b80000, 0x00000000eab00000)
  object space 273920K, 97% used [0x00000000c0000000,0x00000000d03a4028,0x00000000d0b80000)
 Metaspace       used 80189K, committed 81472K, reserved 1179648K
  class space    used 8110K, committed 8640K, reserved 1048576K
}
Event: 89.345 GC heap after
{Heap after GC invocations=738 (full 18):
 PSYoungGen      total 2048K, used 320K [0x00000000eab00000, 0x00000000eae80000, 0x0000000100000000)
  eden space 1536K, 0% used [0x00000000eab00000,0x00000000eab00000,0x00000000eac80000)
  from space 512K, 62% used [0x00000000eac80000,0x00000000eacd0000,0x00000000ead00000)
  to   space 512K, 0% used [0x00000000eae00000,0x00000000eae00000,0x00000000eae80000)
 ParOldGen       total 273920K, used 265920K [0x00000000c0000000, 0x00000000d0b80000, 0x00000000eab00000)
  object space 273920K, 97% used [0x00000000c0000000,0x00000000d03b0028,0x00000000d0b80000)
 Metaspace       used 80189K, committed 81472K, reserved 1179648K
  class space    used 8110K, committed 8640K, reserved 1048576K
}

